2023-04-13T16:47:51.268Z error: TypeError: Converting circular structure to JSON
    --> starting at object with constructor 'Socket'
    |     property 'parser' -> object with constructor 'HTTPParser'
    --- property 'socket' closes the circle
2023-04-19T15:54:39.093Z error: Invalid Password
2023-04-19T16:50:52.528Z error: Cannot create property 'Symbol(level)' on string 'Connected to MongoDB Atlas'
2023-04-24T19:03:10.990Z error: Cast to string failed for value "{}" (type Object) at path "username" for model "Message"
2023-04-24T19:05:59.505Z error: Cast to string failed for value "{}" (type Object) at path "username" for model "Message"
2023-04-25T01:02:58.716Z error: Cast to string failed for value "{ username: 'adrian@gmail.com' }" (type Object) at path "username" for model "Message"
2023-04-25T01:05:11.201Z error: Cast to string failed for value "{ username: 'adrian@gmail.com' }" (type Object) at path "username" for model "Message"
2023-04-25T01:05:37.979Z error: Cast to string failed for value "{ username: 'adrian@gmail.com' }" (type Object) at path "username" for model "Message"
2023-04-25T02:04:56.251Z error: Invalid Password
2023-04-25T02:06:58.361Z error: Invalid Password
2023-04-25T12:58:17.010Z error: Invalid Password
2023-04-25T16:29:40.809Z error: Error creating item: ValidationError: cart.0._id: Cast to Number failed for value "643834b6aa8591cc35529037" (type string) at path "_id", cart.1._id: Cast to Number failed for value "6440283cbdd38ab20f7fe7e2" (type string) at path "_id", cart.2._id: Cast to Number failed for value "6440290ebdd38ab20f7fe7e9" (type string) at path "_id"
2023-04-25T16:29:40.812Z error: Error: Error creating item: ValidationError: cart.0._id: Cast to Number failed for value "643834b6aa8591cc35529037" (type string) at path "_id", cart.1._id: Cast to Number failed for value "6440283cbdd38ab20f7fe7e2" (type string) at path "_id", cart.2._id: Cast to Number failed for value "6440290ebdd38ab20f7fe7e9" (type string) at path "_id"
2023-04-26T20:54:39.432Z error: Invalid Password
2023-04-29T00:31:21.214Z error: Invalid Password
2023-04-29T00:42:58.060Z error: Invalid Password
2023-04-29T00:46:27.857Z error: Invalid Password
2023-04-29T00:46:33.209Z error: Invalid Password
2023-04-29T00:48:07.555Z error: Invalid Password
2023-04-29T00:48:15.104Z error: Invalid Password
2023-04-29T00:48:18.444Z error: Invalid Password
2023-04-29T01:05:00.859Z error: Invalid Password
2023-04-29T01:05:48.486Z error: Invalid Password
2023-04-29T01:09:44.230Z error: Invalid Password
2023-05-02T12:30:14.377Z error: Invalid Password
2023-05-02T15:25:04.351Z error: Object not found
2023-05-02T15:26:23.848Z error: Object not found
2023-05-02T15:28:40.985Z error: Object not found
2023-05-02T15:28:57.867Z error: Object not found
2023-05-02T15:29:38.387Z error: Object not found
2023-05-02T15:30:00.415Z error: Object not found
2023-05-02T15:31:19.458Z error: Error updating item: CastError: Cast to ObjectId failed for value "undefined" (type string) at path "_id" for model "Product"
2023-05-02T15:31:19.472Z error: Error deleting item: CastError: Cast to ObjectId failed for value "undefined" (type string) at path "_id" for model "Product"
2023-05-02T15:31:19.473Z error: Error: Error deleting item: CastError: Cast to ObjectId failed for value "undefined" (type string) at path "_id" for model "Product"
2023-05-02T15:32:05.029Z error: Error updating item: CastError: Cast to ObjectId failed for value "undefined" (type string) at path "_id" for model "Product"
2023-05-02T15:32:05.045Z error: Error deleting item: CastError: Cast to ObjectId failed for value "undefined" (type string) at path "_id" for model "Product"
2023-05-02T15:32:05.046Z error: Error: Error deleting item: CastError: Cast to ObjectId failed for value "undefined" (type string) at path "_id" for model "Product"
2023-05-02T15:33:53.815Z error: Error updating item: CastError: Cast to ObjectId failed for value "undefined" (type string) at path "_id" for model "Product"
2023-05-02T15:33:53.829Z error: Error deleting item: CastError: Cast to ObjectId failed for value "undefined" (type string) at path "_id" for model "Product"
2023-05-02T15:33:53.830Z error: Error: Error deleting item: CastError: Cast to ObjectId failed for value "undefined" (type string) at path "_id" for model "Product"
2023-05-02T15:36:37.985Z error: Error updating item: CastError: Cast to ObjectId failed for value "undefined" (type string) at path "_id" for model "Product"
2023-05-02T15:36:37.998Z error: Error deleting item: CastError: Cast to ObjectId failed for value "undefined" (type string) at path "_id" for model "Product"
2023-05-02T15:36:38.000Z error: Error: Error deleting item: CastError: Cast to ObjectId failed for value "undefined" (type string) at path "_id" for model "Product"
2023-05-02T15:38:35.583Z error: Error updating item: CastError: Cast to ObjectId failed for value "undefined" (type string) at path "_id" for model "Product"
2023-05-02T15:38:35.598Z error: Error deleting item: CastError: Cast to ObjectId failed for value "undefined" (type string) at path "_id" for model "Product"
2023-05-02T15:38:35.599Z error: Error: Error deleting item: CastError: Cast to ObjectId failed for value "undefined" (type string) at path "_id" for model "Product"
2023-05-02T15:54:48.167Z error: Error updating item: CastError: Cast to ObjectId failed for value "undefined" (type string) at path "_id" for model "Product"
2023-05-02T15:56:34.101Z error: Error updating item: CastError: Cast to ObjectId failed for value "undefined" (type string) at path "_id" for model "Product"
